<?xml version="1.0" encoding="UTF-8"?>
<!-- Generated by org.testng.reporters.JUnitXMLReporter -->
<testsuite hostname="THSCP10028" name="Test" tests="1" failures="0" timestamp="14 Nov 2016 05:46:31 GMT" time="0.124" errors="0">
  <testcase name="@BeforeMethod browserIn" time="0.0" classname="com.testhouse.training.MyClassWebdriver">
    <failure type="java.lang.IllegalStateException" message="The path to the driver executable must be set by the webdriver.chrome.driver system property; for more information, see http://code.google.com/p/selenium/wiki/ChromeDriver. The latest version can be downloaded from http://chromedriver.storage.googleapis.com/index.html">
      <![CDATA[java.lang.IllegalStateException: The path to the driver executable must be set by the webdriver.chrome.driver system property; for more information, see http://code.google.com/p/selenium/wiki/ChromeDriver. The latest version can be downloaded from http://chromedriver.storage.googleapis.com/index.html
	at com.google.common.base.Preconditions.checkState(Preconditions.java:197)
	at org.openqa.selenium.remote.service.DriverService.findExecutable(DriverService.java:110)
	at org.openqa.selenium.chrome.ChromeDriverService.access$0(ChromeDriverService.java:1)
	at org.openqa.selenium.chrome.ChromeDriverService$Builder.findDefaultExecutable(ChromeDriverService.java:118)
	at org.openqa.selenium.remote.service.DriverService$Builder.build(DriverService.java:291)
	at org.openqa.selenium.chrome.ChromeDriverService.createDefaultService(ChromeDriverService.java:82)
	at org.openqa.selenium.chrome.ChromeDriver.<init>(ChromeDriver.java:117)
	at com.testhouse.training.GeneralFunctions.browserIn(GeneralFunctions.java:25)
... Removed 26 stack frames]]>
    </failure>
  </testcase> <!-- @BeforeMethod browserIn -->
  <testcase name="@AfterMethod browserOut" time="0.0" classname="com.testhouse.training.MyClassWebdriver">
    <skipped/>
  </testcase> <!-- @AfterMethod browserOut -->
  <testcase name="webDriverTraining" time="0.003" classname="com.testhouse.training.MyClassWebdriver">
    <skipped/>
  </testcase> <!-- webDriverTraining -->
</testsuite> <!-- Test -->
